  Проверка исходных файлов
  Удаленное копирование исходных файлов в "localhost"
  Команда повторной сборки не настроена, действие пропущено.
  Вызов "make rebuild", рабочий каталог: "/home/user/projects/lab1/"
  rm -rf *.o result
  
  gcc -c -o ast.o ast.c
  
  bison -d -t parser.y
  
  parser.y: warning: 245 shift/reduce conflicts [-Wconflicts-sr]
  parser.y: warning: 22 reduce/reduce conflicts [-Wconflicts-rr]
  parser.y: note: rerun with option '-Wcounterexamples' to generate conflict counterexamples
  parser.y:88.18-33: warning: rule useless in parser due to conflicts [-Wother]
     88 | optionalTypeRef: {{ $$ = NULL; }}
        |                  ^~~~~~~~~~~~~~~~
  
  gcc -c -o parser.tab.o parser.tab.c
  
  flex lexer.l
  
  gcc -c -o lex.yy.o lex.yy.c
  
  gcc -c -o main.o main.c
  
  gcc -c -o error.o error.c
  
  gcc main.o parser.tab.o lex.yy.o ast.o error.o -o result && chmod +x result
  
  ./result input.txt > output.txt && iconv -f ISO-8859-1 -t utf-8 output.txt > utf8_output.txt && cat utf8_output.txt | graph-easy --html --output result_tree.html
  
  Копирование файла "/home/user/projects/lab1/result" в "C:\Users\veden\Desktop\СПО\lab1\bin\x64\Debug\result"
  Копирование файла "~/projects/lab1/result_tree.html" в "C:\Users\veden\Desktop\СПО\lab1\result_tree.html"
